0 info it worked if it ends with ok
1 verbose cli [ 'C:\\Program Files\\nodejs\\node.exe',
1 verbose cli   'C:\\Program Files\\nodejs\\node_modules\\npm\\bin\\npm-cli.js',
1 verbose cli   'install',
1 verbose cli   'Gulpbuilder',
1 verbose cli   '--save-dev' ]
2 info using npm@3.10.9
3 info using node@v7.1.0
4 silly loadCurrentTree Starting
5 silly install loadCurrentTree
6 silly install readLocalPackageData
7 silly fetchPackageMetaData Gulpbuilder
8 silly fetchNamedPackageData Gulpbuilder
9 silly mapToRegistry name Gulpbuilder
10 silly mapToRegistry using default registry
11 silly mapToRegistry registry http://registry.npmjs.org/
12 silly mapToRegistry data Result {
12 silly mapToRegistry   raw: 'Gulpbuilder',
12 silly mapToRegistry   scope: null,
12 silly mapToRegistry   escapedName: 'Gulpbuilder',
12 silly mapToRegistry   name: 'Gulpbuilder',
12 silly mapToRegistry   rawSpec: '',
12 silly mapToRegistry   spec: 'latest',
12 silly mapToRegistry   type: 'tag' }
13 silly mapToRegistry uri http://registry.npmjs.org/Gulpbuilder
14 verbose request uri http://registry.npmjs.org/Gulpbuilder
15 verbose request no auth needed
16 info attempt registry request try #1 at 3:10:13 PM
17 verbose request id 882ff89342761dfe
18 http request GET http://registry.npmjs.org/Gulpbuilder
19 http 404 http://registry.npmjs.org/Gulpbuilder
20 verbose headers { 'accept-ranges': 'bytes',
20 verbose headers   date: 'Tue, 27 Dec 2016 09:40:15 GMT',
20 verbose headers   age: '0',
20 verbose headers   'x-served-by': 'cache-sin6924-SIN',
20 verbose headers   'x-cache-hits': '0',
20 verbose headers   'x-timer': 'S1482831614.126865,VS0,VE1213',
20 verbose headers   vary: 'Accept-Encoding',
20 verbose headers   'content-type': 'application/json',
20 verbose headers   'content-length': '2',
20 verbose headers   'cache-control': 'max-age=0',
20 verbose headers   'proxy-connection': 'close',
20 verbose headers   'x-cache': 'MISS, MISS from Safesquid 2013.0619.1831.2',
20 verbose headers   'x-request': 'SessionID:608543 RequestID:0' }
21 silly get cb [ 404,
21 silly get   { 'accept-ranges': 'bytes',
21 silly get     date: 'Tue, 27 Dec 2016 09:40:15 GMT',
21 silly get     age: '0',
21 silly get     'x-served-by': 'cache-sin6924-SIN',
21 silly get     'x-cache-hits': '0',
21 silly get     'x-timer': 'S1482831614.126865,VS0,VE1213',
21 silly get     vary: 'Accept-Encoding',
21 silly get     'content-type': 'application/json',
21 silly get     'content-length': '2',
21 silly get     'cache-control': 'max-age=0',
21 silly get     'proxy-connection': 'close',
21 silly get     'x-cache': 'MISS, MISS from Safesquid 2013.0619.1831.2',
21 silly get     'x-request': 'SessionID:608543 RequestID:0' } ]
22 silly fetchPackageMetaData Error: Registry returned 404 for GET on http://registry.npmjs.org/Gulpbuilder
22 silly fetchPackageMetaData     at makeError (C:\Program Files\nodejs\node_modules\npm\node_modules\npm-registry-client\lib\request.js:302:12)
22 silly fetchPackageMetaData     at CachingRegistryClient.<anonymous> (C:\Program Files\nodejs\node_modules\npm\node_modules\npm-registry-client\lib\request.js:280:14)
22 silly fetchPackageMetaData     at Request._callback (C:\Program Files\nodejs\node_modules\npm\node_modules\npm-registry-client\lib\request.js:210:14)
22 silly fetchPackageMetaData     at Request.self.callback (C:\Program Files\nodejs\node_modules\npm\node_modules\request\request.js:187:22)
22 silly fetchPackageMetaData     at emitTwo (events.js:106:13)
22 silly fetchPackageMetaData     at Request.emit (events.js:191:7)
22 silly fetchPackageMetaData     at Request.<anonymous> (C:\Program Files\nodejs\node_modules\npm\node_modules\request\request.js:1048:10)
22 silly fetchPackageMetaData     at emitOne (events.js:96:13)
22 silly fetchPackageMetaData     at Request.emit (events.js:188:7)
22 silly fetchPackageMetaData     at IncomingMessage.<anonymous> (C:\Program Files\nodejs\node_modules\npm\node_modules\request\request.js:969:12)
22 silly fetchPackageMetaData  error for Gulpbuilder { Error: Registry returned 404 for GET on http://registry.npmjs.org/Gulpbuilder
22 silly fetchPackageMetaData     at makeError (C:\Program Files\nodejs\node_modules\npm\node_modules\npm-registry-client\lib\request.js:302:12)
22 silly fetchPackageMetaData     at CachingRegistryClient.<anonymous> (C:\Program Files\nodejs\node_modules\npm\node_modules\npm-registry-client\lib\request.js:280:14)
22 silly fetchPackageMetaData     at Request._callback (C:\Program Files\nodejs\node_modules\npm\node_modules\npm-registry-client\lib\request.js:210:14)
22 silly fetchPackageMetaData     at Request.self.callback (C:\Program Files\nodejs\node_modules\npm\node_modules\request\request.js:187:22)
22 silly fetchPackageMetaData     at emitTwo (events.js:106:13)
22 silly fetchPackageMetaData     at Request.emit (events.js:191:7)
22 silly fetchPackageMetaData     at Request.<anonymous> (C:\Program Files\nodejs\node_modules\npm\node_modules\request\request.js:1048:10)
22 silly fetchPackageMetaData     at emitOne (events.js:96:13)
22 silly fetchPackageMetaData     at Request.emit (events.js:188:7)
22 silly fetchPackageMetaData     at IncomingMessage.<anonymous> (C:\Program Files\nodejs\node_modules\npm\node_modules\request\request.js:969:12) pkgid: 'Gulpbuilder', statusCode: 404, code: 'E404' }
23 silly rollbackFailedOptional Starting
24 silly rollbackFailedOptional Finishing
25 silly runTopLevelLifecycles Finishing
26 silly install printInstalled
27 verbose stack Error: Registry returned 404 for GET on http://registry.npmjs.org/Gulpbuilder
27 verbose stack     at makeError (C:\Program Files\nodejs\node_modules\npm\node_modules\npm-registry-client\lib\request.js:302:12)
27 verbose stack     at CachingRegistryClient.<anonymous> (C:\Program Files\nodejs\node_modules\npm\node_modules\npm-registry-client\lib\request.js:280:14)
27 verbose stack     at Request._callback (C:\Program Files\nodejs\node_modules\npm\node_modules\npm-registry-client\lib\request.js:210:14)
27 verbose stack     at Request.self.callback (C:\Program Files\nodejs\node_modules\npm\node_modules\request\request.js:187:22)
27 verbose stack     at emitTwo (events.js:106:13)
27 verbose stack     at Request.emit (events.js:191:7)
27 verbose stack     at Request.<anonymous> (C:\Program Files\nodejs\node_modules\npm\node_modules\request\request.js:1048:10)
27 verbose stack     at emitOne (events.js:96:13)
27 verbose stack     at Request.emit (events.js:188:7)
27 verbose stack     at IncomingMessage.<anonymous> (C:\Program Files\nodejs\node_modules\npm\node_modules\request\request.js:969:12)
28 verbose statusCode 404
29 verbose pkgid Gulpbuilder
30 verbose cwd C:\xampp\htdocs\projects\mean-with-webpack\src
31 error Windows_NT 6.1.7601
32 error argv "C:\\Program Files\\nodejs\\node.exe" "C:\\Program Files\\nodejs\\node_modules\\npm\\bin\\npm-cli.js" "install" "Gulpbuilder" "--save-dev"
33 error node v7.1.0
34 error npm  v3.10.9
35 error code E404
36 error 404 Registry returned 404 for GET on http://registry.npmjs.org/Gulpbuilder
37 error 404
38 error 404 'Gulpbuilder' is not in the npm registry.
39 error 404 Your package name is not valid, because
40 error 404 1. name can no longer contain capital letters
41 error 404 Note that you can also install from a
42 error 404 tarball, folder, http url, or git url.
43 verbose exit [ 1, true ]
